        -:    0:Source:main.c
        -:    0:Graph:main.gcno
        -:    0:Data:main.gcda
        -:    0:Runs:1
        -:    0:Programs:1
        -:    1:/*EOF*/
        -:    2:/*EOF*/
        -:    3:/*EOF*/
        -:    4:/*EOF*/
        -:    5:/*EOF*/
        -:    6:/*EOF*/
        -:    7:/*EOF*/
        -:    8:/*EOF*/
        5:    9:/*EOF*/
        1:   10:/*EOF*/
        1:   11:/*EOF*/
        1:   12:/*EOF*/
        1:   13:/*EOF*/
        1:   14:/*EOF*/
        1:   15:/*EOF*/
        1:   16:/*EOF*/
        1:   17:/*EOF*/
        1:   18:/*EOF*/
        -:   19:/*EOF*/
        -:   20:/*EOF*/
        5:   21:/*EOF*/
        1:   22:/*EOF*/
        1:   23:/*EOF*/
        1:   24:/*EOF*/
        1:   25:/*EOF*/
        1:   26:/*EOF*/
        1:   27:/*EOF*/
        1:   28:/*EOF*/
        1:   29:/*EOF*/
        -:   30:/*EOF*/
        -:   31:/*EOF*/
        5:   32:/*EOF*/
        1:   33:/*EOF*/
        1:   34:/*EOF*/
        1:   35:/*EOF*/
        1:   36:/*EOF*/
        1:   37:/*EOF*/
        1:   38:/*EOF*/
        1:   39:/*EOF*/
        1:   40:/*EOF*/
        1:   41:/*EOF*/
        1:   42:/*EOF*/
        1:   43:/*EOF*/
        1:   44:/*EOF*/
        1:   45:/*EOF*/
        1:   46:/*EOF*/
        1:   47:/*EOF*/
        1:   48:/*EOF*/
        1:   49:/*EOF*/
        1:   50:/*EOF*/
        -:   51:/*EOF*/
        -:   52:/*EOF*/
        1:   53:/*EOF*/
        1:   54:/*EOF*/
        -:   55:/*EOF*/
        1:   56:/*EOF*/
        3:   57:/*EOF*/
