        -:    0:Source:TDD.c
        -:    0:Graph:TDD.gcno
        -:    0:Data:TDD.gcda
        -:    0:Runs:1
        -:    0:Programs:1
        -:    1:/*EOF*/
        -:    2:/*EOF*/
        -:    3:/*EOF*/
        -:    4:/*EOF*/
        -:    5:/*EOF*/
        -:    6:/*EOF*/
      446:    7:/*EOF*/
      446:    8:/*EOF*/
        -:    9:/*EOF*/
      446:   10:/*EOF*/
       84:   11:/*EOF*/
        -:   12:/*EOF*/
      446:   13:/*EOF*/
        2:   14:/*EOF*/
        -:   15:/*EOF*/
      446:   16:/*EOF*/
       70:   17:/*EOF*/
        -:   18:/*EOF*/
      446:   19:/*EOF*/
       21:   20:/*EOF*/
        -:   21:/*EOF*/
      446:   22:/*EOF*/
       51:   23:/*EOF*/
        -:   24:/*EOF*/
      446:   25:/*EOF*/
       45:   26:/*EOF*/
        -:   27:/*EOF*/
      446:   28:/*EOF*/
      128:   29:/*EOF*/
        -:   30:/*EOF*/
      446:   31:/*EOF*/
        -:   32:/*EOF*/
        -:   33:/*EOF*/
       13:   34:/*EOF*/
       13:   35:/*EOF*/
       13:   36:/*EOF*/
        -:   37:/*EOF*/
       13:   38:/*EOF*/
       83:   39:/*EOF*/
       35:   40:/*EOF*/
        1:   41:/*EOF*/
        -:   42:/*EOF*/
       35:   43:/*EOF*/
        6:   44:/*EOF*/
        1:   45:/*EOF*/
        -:   46:/*EOF*/
        6:   47:/*EOF*/
        2:   48:/*EOF*/
        -:   49:/*EOF*/
        -:   50:/*EOF*/
       35:   51:/*EOF*/
       28:   52:/*EOF*/
    #####:   53:/*EOF*/
        -:   54:/*EOF*/
       67:   55:/*EOF*/
       34:   56:/*EOF*/
        1:   57:/*EOF*/
        -:   58:/*EOF*/
        -:   59:/*EOF*/
       35:   60:/*EOF*/
        -:   61:/*EOF*/
       13:   62:/*EOF*/
        -:   63:/*EOF*/
        -:   64:/*EOF*/
        9:   65:/*EOF*/
        9:   66:/*EOF*/
        -:   67:/*EOF*/
        -:   68:/*EOF*/
        9:   69:/*EOF*/
       39:   70:/*EOF*/
       15:   71:/*EOF*/
       15:   72:/*EOF*/
       15:   73:/*EOF*/
        2:   74:/*EOF*/
        -:   75:/*EOF*/
        -:   76:/*EOF*/
       13:   77:/*EOF*/
        -:   78:/*EOF*/
       15:   79:/*EOF*/
        -:   80:/*EOF*/
        9:   81:/*EOF*/
        9:   82:/*EOF*/
        7:   83:/*EOF*/
        1:   84:/*EOF*/
        -:   85:/*EOF*/
        -:   86:/*EOF*/
        6:   87:/*EOF*/
        -:   88:/*EOF*/
        -:   89:/*EOF*/
        -:   90:/*EOF*/
        2:   91:/*EOF*/
